<?xml version="1.0" encoding="UTF-8"?>
<testng-results skipped="0" failed="0" ignored="0" total="1" passed="1">
  <reporter-output>
  </reporter-output>
  <suite name="Default suite" duration-ms="13314" started-at="2020-03-08T18:22:20Z" finished-at="2020-03-08T18:22:34Z">
    <groups>
      <group name="cucumber">
        <method signature="AbstractTestNGCucumberTests.runScenario(cucumber.api.testng.PickleEventWrapper, cucumber.api.testng.CucumberFeatureWrapper)[pri:0, instance:com.runner.Runner1@4cf777e8]" name="runScenario" class="cucumber.api.testng.AbstractTestNGCucumberTests"/>
      </group> <!-- cucumber -->
    </groups>
    <test name="Default test" duration-ms="13314" started-at="2020-03-08T18:22:20Z" finished-at="2020-03-08T18:22:34Z">
      <class name="com.runner.Runner1">
        <test-method status="PASS" signature="setUpClass()[pri:0, instance:com.runner.Runner1@4cf777e8]" name="setUpClass" is-config="true" duration-ms="104" started-at="2020-03-08T18:22:20Z" finished-at="2020-03-08T18:22:20Z">
          <reporter-output>
          </reporter-output>
        </test-method> <!-- setUpClass -->
        <test-method status="PASS" signature="runScenario(cucumber.api.testng.PickleEventWrapper, cucumber.api.testng.CucumberFeatureWrapper)[pri:0, instance:com.runner.Runner1@4cf777e8]" name="runScenario" duration-ms="13150" started-at="2020-03-08T18:22:20Z" description="Runs Cucumber Scenarios" data-provider="scenarios" finished-at="2020-03-08T18:22:34Z">
          <params>
            <param index="0">
              <value>
                <![CDATA["Valid Login"]]>
              </value>
            </param>
            <param index="1">
              <value>
                <![CDATA["GCR Login"]]>
              </value>
            </param>
          </params>
          <reporter-output>
          </reporter-output>
        </test-method> <!-- runScenario -->
        <test-method status="PASS" signature="tearDownClass()[pri:0, instance:com.runner.Runner1@4cf777e8]" name="tearDownClass" is-config="true" duration-ms="20" started-at="2020-03-08T18:22:34Z" finished-at="2020-03-08T18:22:34Z">
          <reporter-output>
          </reporter-output>
        </test-method> <!-- tearDownClass -->
      </class> <!-- com.runner.Runner1 -->
    </test> <!-- Default test -->
  </suite> <!-- Default suite -->
</testng-results>
